[INFO ] 2022-08-31 11:32:36.290 [background-preinit] Version - HV000001: Hibernate Validator 6.2.3.Final
[INFO ] 2022-08-31 11:32:36.319 [main] SpringAutoPolizzaApplication - Starting SpringAutoPolizzaApplication using Java 18.0.2.1 on Luca with PID 11936 (C:\Users\lucab\Desktop\Lavoro\Directory\SpringAutoPolizza\target\classes started by lucab in C:\Users\lucab\Desktop\Lavoro\Directory\SpringAutoPolizza)
[INFO ] 2022-08-31 11:32:36.324 [main] SpringAutoPolizzaApplication - No active profile set, falling back to 1 default profile: "default"
[INFO ] 2022-08-31 11:32:36.927 [main] RepositoryConfigurationDelegate - Bootstrapping Spring Data JDBC repositories in DEFAULT mode.
[INFO ] 2022-08-31 11:32:36.943 [main] RepositoryConfigurationDelegate - Finished Spring Data repository scanning in 8 ms. Found 0 JDBC repository interfaces.
[INFO ] 2022-08-31 11:32:37.365 [main] TomcatWebServer - Tomcat initialized with port(s): 8080 (http)
[INFO ] 2022-08-31 11:32:37.377 [main] Http11NioProtocol - Initializing ProtocolHandler ["http-nio-8080"]
[INFO ] 2022-08-31 11:32:37.378 [main] StandardService - Starting service [Tomcat]
[INFO ] 2022-08-31 11:32:37.378 [main] StandardEngine - Starting Servlet engine: [Apache Tomcat/9.0.64]
[INFO ] 2022-08-31 11:32:37.447 [main] [/] - Initializing Spring embedded WebApplicationContext
[INFO ] 2022-08-31 11:32:37.447 [main] ServletWebServerApplicationContext - Root WebApplicationContext: initialization completed in 1070 ms
[INFO ] 2022-08-31 11:32:37.601 [main] AutowiredAnnotationBeanPostProcessor - Autowired annotation is not supported on static fields: private static final org.apache.logging.log4j.Logger it.rjcsoft.springautopolizza.controller.AutoController.logger
[INFO ] 2022-08-31 11:32:37.779 [main] DefaultSecurityFilterChain - Will secure any request with [org.springframework.security.web.session.DisableEncodeUrlFilter@577bf0aa, org.springframework.security.web.context.request.async.WebAsyncManagerIntegrationFilter@7455dacb, org.springframework.security.web.context.SecurityContextPersistenceFilter@160b4809, org.springframework.security.web.header.HeaderWriterFilter@52ca2652, org.springframework.security.web.csrf.CsrfFilter@7573b9ee, org.springframework.security.web.authentication.logout.LogoutFilter@13803a94, org.springframework.security.web.authentication.UsernamePasswordAuthenticationFilter@4e80a001, org.springframework.security.web.authentication.ui.DefaultLoginPageGeneratingFilter@2bb41f5c, org.springframework.security.web.authentication.ui.DefaultLogoutPageGeneratingFilter@7634f2b, org.springframework.security.web.savedrequest.RequestCacheAwareFilter@664e848c, org.springframework.security.web.servletapi.SecurityContextHolderAwareRequestFilter@f2b90fc, org.springframework.security.web.authentication.AnonymousAuthenticationFilter@1d15c0a1, org.springframework.security.web.session.SessionManagementFilter@697d6ded, org.springframework.security.web.access.ExceptionTranslationFilter@3a1f2a1, org.springframework.security.web.access.intercept.FilterSecurityInterceptor@4e140497]
[INFO ] 2022-08-31 11:32:38.038 [main] HikariDataSource - HikariPool-1 - Starting...
[INFO ] 2022-08-31 11:32:38.115 [main] HikariDataSource - HikariPool-1 - Start completed.
[INFO ] 2022-08-31 11:32:38.261 [main] Http11NioProtocol - Starting ProtocolHandler ["http-nio-8080"]
[INFO ] 2022-08-31 11:32:38.282 [main] TomcatWebServer - Tomcat started on port(s): 8080 (http) with context path ''
[INFO ] 2022-08-31 11:32:38.294 [main] SpringAutoPolizzaApplication - Started SpringAutoPolizzaApplication in 2.202 seconds (JVM running for 2.756)
[INFO ] 2022-08-31 11:32:49.658 [http-nio-8080-exec-1] [/] - Initializing Spring DispatcherServlet 'dispatcherServlet'
[INFO ] 2022-08-31 11:32:57.232 [SpringApplicationShutdownHook] HikariDataSource - HikariPool-1 - Shutdown initiated...
[INFO ] 2022-08-31 11:32:57.234 [SpringApplicationShutdownHook] HikariDataSource - HikariPool-1 - Shutdown completed.
[INFO ] 2022-08-31 11:45:23.764 [background-preinit] Version - HV000001: Hibernate Validator 6.2.3.Final
[INFO ] 2022-08-31 11:45:23.799 [main] SpringAutoPolizzaApplication - Starting SpringAutoPolizzaApplication using Java 18.0.2.1 on Luca with PID 3648 (C:\Users\lucab\Desktop\Lavoro\Directory\SpringAutoPolizza\target\classes started by lucab in C:\Users\lucab\Desktop\Lavoro\Directory\SpringAutoPolizza)
[INFO ] 2022-08-31 11:45:23.805 [main] SpringAutoPolizzaApplication - No active profile set, falling back to 1 default profile: "default"
[INFO ] 2022-08-31 11:45:24.298 [main] RepositoryConfigurationDelegate - Bootstrapping Spring Data JDBC repositories in DEFAULT mode.
[INFO ] 2022-08-31 11:45:24.309 [main] RepositoryConfigurationDelegate - Finished Spring Data repository scanning in 8 ms. Found 0 JDBC repository interfaces.
[INFO ] 2022-08-31 11:45:24.722 [main] TomcatWebServer - Tomcat initialized with port(s): 8080 (http)
[INFO ] 2022-08-31 11:45:24.734 [main] Http11NioProtocol - Initializing ProtocolHandler ["http-nio-8080"]
[INFO ] 2022-08-31 11:45:24.735 [main] StandardService - Starting service [Tomcat]
[INFO ] 2022-08-31 11:45:24.735 [main] StandardEngine - Starting Servlet engine: [Apache Tomcat/9.0.64]
[INFO ] 2022-08-31 11:45:24.800 [main] [/] - Initializing Spring embedded WebApplicationContext
[INFO ] 2022-08-31 11:45:24.800 [main] ServletWebServerApplicationContext - Root WebApplicationContext: initialization completed in 959 ms
[INFO ] 2022-08-31 11:45:24.929 [main] AutowiredAnnotationBeanPostProcessor - Autowired annotation is not supported on static fields: private static final org.apache.logging.log4j.Logger it.rjcsoft.springautopolizza.controller.AutoController.logger
[INFO ] 2022-08-31 11:45:25.105 [main] DefaultSecurityFilterChain - Will secure any request with [org.springframework.security.web.session.DisableEncodeUrlFilter@4d98e41b, org.springframework.security.web.context.request.async.WebAsyncManagerIntegrationFilter@5ed5b321, org.springframework.security.web.context.SecurityContextPersistenceFilter@7da635c0, org.springframework.security.web.header.HeaderWriterFilter@4f281aaf, org.springframework.security.web.csrf.CsrfFilter@7f73ce28, org.springframework.security.web.authentication.logout.LogoutFilter@25b38203, org.springframework.security.web.authentication.UsernamePasswordAuthenticationFilter@52bd9a27, org.springframework.security.web.authentication.ui.DefaultLoginPageGeneratingFilter@3292d91a, org.springframework.security.web.authentication.ui.DefaultLogoutPageGeneratingFilter@5696c927, org.springframework.security.web.savedrequest.RequestCacheAwareFilter@251c4280, org.springframework.security.web.servletapi.SecurityContextHolderAwareRequestFilter@420a8042, org.springframework.security.web.authentication.AnonymousAuthenticationFilter@7459a21e, org.springframework.security.web.session.SessionManagementFilter@f2b90fc, org.springframework.security.web.access.ExceptionTranslationFilter@4d93f75b, org.springframework.security.web.access.intercept.FilterSecurityInterceptor@7455dacb]
[INFO ] 2022-08-31 11:45:25.364 [main] HikariDataSource - HikariPool-1 - Starting...
[INFO ] 2022-08-31 11:45:25.443 [main] HikariDataSource - HikariPool-1 - Start completed.
[INFO ] 2022-08-31 11:45:25.578 [main] Http11NioProtocol - Starting ProtocolHandler ["http-nio-8080"]
[INFO ] 2022-08-31 11:45:25.603 [main] TomcatWebServer - Tomcat started on port(s): 8080 (http) with context path ''
[INFO ] 2022-08-31 11:45:25.615 [main] SpringAutoPolizzaApplication - Started SpringAutoPolizzaApplication in 2.053 seconds (JVM running for 2.614)
[INFO ] 2022-08-31 11:45:34.035 [http-nio-8080-exec-1] [/] - Initializing Spring DispatcherServlet 'dispatcherServlet'
[INFO ] 2022-08-31 11:50:15.849 [SpringApplicationShutdownHook] HikariDataSource - HikariPool-1 - Shutdown initiated...
[INFO ] 2022-08-31 11:50:15.851 [SpringApplicationShutdownHook] HikariDataSource - HikariPool-1 - Shutdown completed.
[INFO ] 2022-08-31 11:50:19.970 [background-preinit] Version - HV000001: Hibernate Validator 6.2.3.Final
[INFO ] 2022-08-31 11:50:20.001 [main] SpringAutoPolizzaApplication - Starting SpringAutoPolizzaApplication using Java 18.0.2.1 on Luca with PID 7360 (C:\Users\lucab\Desktop\Lavoro\Directory\SpringAutoPolizza\target\classes started by lucab in C:\Users\lucab\Desktop\Lavoro\Directory\SpringAutoPolizza)
[INFO ] 2022-08-31 11:50:20.006 [main] SpringAutoPolizzaApplication - No active profile set, falling back to 1 default profile: "default"
[INFO ] 2022-08-31 11:50:20.510 [main] RepositoryConfigurationDelegate - Bootstrapping Spring Data JDBC repositories in DEFAULT mode.
[INFO ] 2022-08-31 11:50:20.527 [main] RepositoryConfigurationDelegate - Finished Spring Data repository scanning in 13 ms. Found 0 JDBC repository interfaces.
[INFO ] 2022-08-31 11:50:20.923 [main] TomcatWebServer - Tomcat initialized with port(s): 8080 (http)
[INFO ] 2022-08-31 11:50:20.936 [main] Http11NioProtocol - Initializing ProtocolHandler ["http-nio-8080"]
[INFO ] 2022-08-31 11:50:20.936 [main] StandardService - Starting service [Tomcat]
[INFO ] 2022-08-31 11:50:20.937 [main] StandardEngine - Starting Servlet engine: [Apache Tomcat/9.0.64]
[INFO ] 2022-08-31 11:50:20.998 [main] [/] - Initializing Spring embedded WebApplicationContext
[INFO ] 2022-08-31 11:50:20.999 [main] ServletWebServerApplicationContext - Root WebApplicationContext: initialization completed in 949 ms
[INFO ] 2022-08-31 11:50:21.116 [main] AutowiredAnnotationBeanPostProcessor - Autowired annotation is not supported on static fields: private static final org.apache.logging.log4j.Logger it.rjcsoft.springautopolizza.controller.AutoController.logger
[INFO ] 2022-08-31 11:50:21.279 [main] DefaultSecurityFilterChain - Will secure any request with [org.springframework.security.web.session.DisableEncodeUrlFilter@7459a21e, org.springframework.security.web.context.request.async.WebAsyncManagerIntegrationFilter@7eeb38b2, org.springframework.security.web.context.SecurityContextPersistenceFilter@35650279, org.springframework.security.web.header.HeaderWriterFilter@2bb41f5c, org.springframework.security.web.csrf.CsrfFilter@543d5863, org.springframework.security.web.authentication.logout.LogoutFilter@61191222, org.springframework.security.web.authentication.UsernamePasswordAuthenticationFilter@73ca34e7, org.springframework.security.web.authentication.ui.DefaultLoginPageGeneratingFilter@19b02dfd, org.springframework.security.web.authentication.ui.DefaultLogoutPageGeneratingFilter@d54d0f5, org.springframework.security.web.savedrequest.RequestCacheAwareFilter@182e7eda, org.springframework.security.web.servletapi.SecurityContextHolderAwareRequestFilter@faea4da, org.springframework.security.web.authentication.AnonymousAuthenticationFilter@6d6bff89, org.springframework.security.web.session.SessionManagementFilter@7da635c0, org.springframework.security.web.access.ExceptionTranslationFilter@5d508d22, org.springframework.security.web.access.intercept.FilterSecurityInterceptor@15639d09]
[INFO ] 2022-08-31 11:50:21.511 [main] HikariDataSource - HikariPool-1 - Starting...
[INFO ] 2022-08-31 11:50:21.592 [main] HikariDataSource - HikariPool-1 - Start completed.
[INFO ] 2022-08-31 11:50:21.720 [main] Http11NioProtocol - Starting ProtocolHandler ["http-nio-8080"]
[INFO ] 2022-08-31 11:50:21.738 [main] TomcatWebServer - Tomcat started on port(s): 8080 (http) with context path ''
[INFO ] 2022-08-31 11:50:21.747 [main] SpringAutoPolizzaApplication - Started SpringAutoPolizzaApplication in 2.003 seconds (JVM running for 2.576)
[INFO ] 2022-08-31 11:50:26.050 [http-nio-8080-exec-1] [/] - Initializing Spring DispatcherServlet 'dispatcherServlet'
[INFO ] 2022-08-31 11:51:36.544 [SpringApplicationShutdownHook] HikariDataSource - HikariPool-1 - Shutdown initiated...
[INFO ] 2022-08-31 11:51:36.546 [SpringApplicationShutdownHook] HikariDataSource - HikariPool-1 - Shutdown completed.
[INFO ] 2022-08-31 11:51:39.169 [background-preinit] Version - HV000001: Hibernate Validator 6.2.3.Final
[INFO ] 2022-08-31 11:51:39.196 [main] SpringAutoPolizzaApplication - Starting SpringAutoPolizzaApplication using Java 18.0.2.1 on Luca with PID 18036 (C:\Users\lucab\Desktop\Lavoro\Directory\SpringAutoPolizza\target\classes started by lucab in C:\Users\lucab\Desktop\Lavoro\Directory\SpringAutoPolizza)
[INFO ] 2022-08-31 11:51:39.205 [main] SpringAutoPolizzaApplication - No active profile set, falling back to 1 default profile: "default"
[INFO ] 2022-08-31 11:51:39.704 [main] RepositoryConfigurationDelegate - Bootstrapping Spring Data JDBC repositories in DEFAULT mode.
[INFO ] 2022-08-31 11:51:39.716 [main] RepositoryConfigurationDelegate - Finished Spring Data repository scanning in 8 ms. Found 0 JDBC repository interfaces.
[INFO ] 2022-08-31 11:51:40.127 [main] TomcatWebServer - Tomcat initialized with port(s): 8080 (http)
[INFO ] 2022-08-31 11:51:40.140 [main] Http11NioProtocol - Initializing ProtocolHandler ["http-nio-8080"]
[INFO ] 2022-08-31 11:51:40.140 [main] StandardService - Starting service [Tomcat]
[INFO ] 2022-08-31 11:51:40.140 [main] StandardEngine - Starting Servlet engine: [Apache Tomcat/9.0.64]
[INFO ] 2022-08-31 11:51:40.207 [main] [/] - Initializing Spring embedded WebApplicationContext
[INFO ] 2022-08-31 11:51:40.207 [main] ServletWebServerApplicationContext - Root WebApplicationContext: initialization completed in 966 ms
[INFO ] 2022-08-31 11:51:40.350 [main] AutowiredAnnotationBeanPostProcessor - Autowired annotation is not supported on static fields: private static final org.apache.logging.log4j.Logger it.rjcsoft.springautopolizza.controller.AutoController.logger
[INFO ] 2022-08-31 11:51:40.548 [main] DefaultSecurityFilterChain - Will secure any request with [org.springframework.security.web.session.DisableEncodeUrlFilter@7459a21e, org.springframework.security.web.context.request.async.WebAsyncManagerIntegrationFilter@7eeb38b2, org.springframework.security.web.context.SecurityContextPersistenceFilter@35650279, org.springframework.security.web.header.HeaderWriterFilter@2bb41f5c, org.springframework.security.web.csrf.CsrfFilter@543d5863, org.springframework.security.web.authentication.logout.LogoutFilter@61191222, org.springframework.security.web.authentication.UsernamePasswordAuthenticationFilter@73ca34e7, org.springframework.security.web.authentication.ui.DefaultLoginPageGeneratingFilter@19b02dfd, org.springframework.security.web.authentication.ui.DefaultLogoutPageGeneratingFilter@d54d0f5, org.springframework.security.web.savedrequest.RequestCacheAwareFilter@182e7eda, org.springframework.security.web.servletapi.SecurityContextHolderAwareRequestFilter@faea4da, org.springframework.security.web.authentication.AnonymousAuthenticationFilter@6d6bff89, org.springframework.security.web.session.SessionManagementFilter@7da635c0, org.springframework.security.web.access.ExceptionTranslationFilter@5d508d22, org.springframework.security.web.access.intercept.FilterSecurityInterceptor@15639d09]
[INFO ] 2022-08-31 11:51:40.815 [main] HikariDataSource - HikariPool-1 - Starting...
[INFO ] 2022-08-31 11:51:40.906 [main] HikariDataSource - HikariPool-1 - Start completed.
[INFO ] 2022-08-31 11:51:41.056 [main] Http11NioProtocol - Starting ProtocolHandler ["http-nio-8080"]
[INFO ] 2022-08-31 11:51:41.078 [main] TomcatWebServer - Tomcat started on port(s): 8080 (http) with context path ''
[INFO ] 2022-08-31 11:51:41.086 [main] SpringAutoPolizzaApplication - Started SpringAutoPolizzaApplication in 2.12 seconds (JVM running for 2.68)
[INFO ] 2022-08-31 11:51:43.201 [http-nio-8080-exec-1] [/] - Initializing Spring DispatcherServlet 'dispatcherServlet'
[INFO ] 2022-08-31 11:52:28.619 [SpringApplicationShutdownHook] HikariDataSource - HikariPool-1 - Shutdown initiated...
[INFO ] 2022-08-31 11:52:28.621 [SpringApplicationShutdownHook] HikariDataSource - HikariPool-1 - Shutdown completed.
[INFO ] 2022-08-31 11:52:31.868 [background-preinit] Version - HV000001: Hibernate Validator 6.2.3.Final
[INFO ] 2022-08-31 11:52:31.900 [main] SpringAutoPolizzaApplication - Starting SpringAutoPolizzaApplication using Java 18.0.2.1 on Luca with PID 11888 (C:\Users\lucab\Desktop\Lavoro\Directory\SpringAutoPolizza\target\classes started by lucab in C:\Users\lucab\Desktop\Lavoro\Directory\SpringAutoPolizza)
[INFO ] 2022-08-31 11:52:31.905 [main] SpringAutoPolizzaApplication - No active profile set, falling back to 1 default profile: "default"
[INFO ] 2022-08-31 11:52:32.469 [main] RepositoryConfigurationDelegate - Bootstrapping Spring Data JDBC repositories in DEFAULT mode.
[INFO ] 2022-08-31 11:52:32.482 [main] RepositoryConfigurationDelegate - Finished Spring Data repository scanning in 9 ms. Found 0 JDBC repository interfaces.
[INFO ] 2022-08-31 11:52:32.945 [main] TomcatWebServer - Tomcat initialized with port(s): 8080 (http)
[INFO ] 2022-08-31 11:52:32.965 [main] Http11NioProtocol - Initializing ProtocolHandler ["http-nio-8080"]
[INFO ] 2022-08-31 11:52:32.966 [main] StandardService - Starting service [Tomcat]
[INFO ] 2022-08-31 11:52:32.966 [main] StandardEngine - Starting Servlet engine: [Apache Tomcat/9.0.64]
[INFO ] 2022-08-31 11:52:33.044 [main] [/] - Initializing Spring embedded WebApplicationContext
[INFO ] 2022-08-31 11:52:33.044 [main] ServletWebServerApplicationContext - Root WebApplicationContext: initialization completed in 1096 ms
[INFO ] 2022-08-31 11:52:33.194 [main] AutowiredAnnotationBeanPostProcessor - Autowired annotation is not supported on static fields: private static final org.apache.logging.log4j.Logger it.rjcsoft.springautopolizza.controller.AutoController.logger
[INFO ] 2022-08-31 11:52:33.408 [main] DefaultSecurityFilterChain - Will secure any request with [org.springframework.security.web.session.DisableEncodeUrlFilter@3c19592c, org.springframework.security.web.context.request.async.WebAsyncManagerIntegrationFilter@60e1d87c, org.springframework.security.web.context.SecurityContextPersistenceFilter@32a4ecbe, org.springframework.security.web.header.HeaderWriterFilter@69a024a0, org.springframework.security.web.csrf.CsrfFilter@5c059a68, org.springframework.security.web.authentication.logout.LogoutFilter@3a38f122, org.springframework.security.web.authentication.UsernamePasswordAuthenticationFilter@c2df90e, org.springframework.security.web.authentication.ui.DefaultLoginPageGeneratingFilter@63a9c661, org.springframework.security.web.authentication.ui.DefaultLogoutPageGeneratingFilter@2eb60c71, org.springframework.security.web.savedrequest.RequestCacheAwareFilter@23cd5d42, org.springframework.security.web.servletapi.SecurityContextHolderAwareRequestFilter@5df7e31b, org.springframework.security.web.authentication.AnonymousAuthenticationFilter@87d9a01, org.springframework.security.web.session.SessionManagementFilter@2d7637e6, org.springframework.security.web.access.ExceptionTranslationFilter@1e3f0aea, org.springframework.security.web.access.intercept.FilterSecurityInterceptor@415a3f6a]
[INFO ] 2022-08-31 11:52:33.685 [main] HikariDataSource - HikariPool-1 - Starting...
[INFO ] 2022-08-31 11:52:33.772 [main] HikariDataSource - HikariPool-1 - Start completed.
[INFO ] 2022-08-31 11:52:33.925 [main] Http11NioProtocol - Starting ProtocolHandler ["http-nio-8080"]
[INFO ] 2022-08-31 11:52:33.946 [main] TomcatWebServer - Tomcat started on port(s): 8080 (http) with context path ''
[INFO ] 2022-08-31 11:52:33.957 [main] SpringAutoPolizzaApplication - Started SpringAutoPolizzaApplication in 2.319 seconds (JVM running for 3.355)
[INFO ] 2022-08-31 11:52:38.584 [http-nio-8080-exec-1] [/] - Initializing Spring DispatcherServlet 'dispatcherServlet'
[INFO ] 2022-08-31 11:54:09.574 [SpringApplicationShutdownHook] HikariDataSource - HikariPool-1 - Shutdown initiated...
[INFO ] 2022-08-31 11:54:09.579 [SpringApplicationShutdownHook] HikariDataSource - HikariPool-1 - Shutdown completed.
[INFO ] 2022-08-31 11:54:14.255 [background-preinit] Version - HV000001: Hibernate Validator 6.2.3.Final
[INFO ] 2022-08-31 11:54:14.312 [main] SpringAutoPolizzaApplication - Starting SpringAutoPolizzaApplication using Java 18.0.2.1 on Luca with PID 16308 (C:\Users\lucab\Desktop\Lavoro\Directory\SpringAutoPolizza\target\classes started by lucab in C:\Users\lucab\Desktop\Lavoro\Directory\SpringAutoPolizza)
[INFO ] 2022-08-31 11:54:14.322 [main] SpringAutoPolizzaApplication - No active profile set, falling back to 1 default profile: "default"
[INFO ] 2022-08-31 11:54:15.289 [main] RepositoryConfigurationDelegate - Bootstrapping Spring Data JDBC repositories in DEFAULT mode.
[INFO ] 2022-08-31 11:54:15.314 [main] RepositoryConfigurationDelegate - Finished Spring Data repository scanning in 17 ms. Found 0 JDBC repository interfaces.
[INFO ] 2022-08-31 11:54:16.107 [main] TomcatWebServer - Tomcat initialized with port(s): 8080 (http)
[INFO ] 2022-08-31 11:54:16.130 [main] Http11NioProtocol - Initializing ProtocolHandler ["http-nio-8080"]
[INFO ] 2022-08-31 11:54:16.130 [main] StandardService - Starting service [Tomcat]
[INFO ] 2022-08-31 11:54:16.131 [main] StandardEngine - Starting Servlet engine: [Apache Tomcat/9.0.64]
[INFO ] 2022-08-31 11:54:16.269 [main] [/] - Initializing Spring embedded WebApplicationContext
[INFO ] 2022-08-31 11:54:16.269 [main] ServletWebServerApplicationContext - Root WebApplicationContext: initialization completed in 1876 ms
[INFO ] 2022-08-31 11:54:16.512 [main] AutowiredAnnotationBeanPostProcessor - Autowired annotation is not supported on static fields: private static final org.apache.logging.log4j.Logger it.rjcsoft.springautopolizza.controller.AutoController.logger
[INFO ] 2022-08-31 11:54:16.771 [main] DefaultSecurityFilterChain - Will secure any request with [org.springframework.security.web.session.DisableEncodeUrlFilter@19da993b, org.springframework.security.web.context.request.async.WebAsyncManagerIntegrationFilter@3380ca3d, org.springframework.security.web.context.SecurityContextPersistenceFilter@1e3f0aea, org.springframework.security.web.header.HeaderWriterFilter@2401856, org.springframework.security.web.csrf.CsrfFilter@79b18230, org.springframework.security.web.authentication.logout.LogoutFilter@1a1ccaaf, org.springframework.security.web.authentication.UsernamePasswordAuthenticationFilter@13d019a4, org.springframework.security.web.authentication.ui.DefaultLoginPageGeneratingFilter@2e71240b, org.springframework.security.web.authentication.ui.DefaultLogoutPageGeneratingFilter@23310248, org.springframework.security.web.savedrequest.RequestCacheAwareFilter@69a024a0, org.springframework.security.web.servletapi.SecurityContextHolderAwareRequestFilter@32a4ecbe, org.springframework.security.web.authentication.AnonymousAuthenticationFilter@c2df90e, org.springframework.security.web.session.SessionManagementFilter@2a4f8009, org.springframework.security.web.access.ExceptionTranslationFilter@6af5b246, org.springframework.security.web.access.intercept.FilterSecurityInterceptor@7b222230]
[INFO ] 2022-08-31 11:54:17.226 [main] HikariDataSource - HikariPool-1 - Starting...
[INFO ] 2022-08-31 11:54:17.393 [main] HikariDataSource - HikariPool-1 - Start completed.
[INFO ] 2022-08-31 11:54:17.672 [main] Http11NioProtocol - Starting ProtocolHandler ["http-nio-8080"]
[INFO ] 2022-08-31 11:54:17.706 [main] TomcatWebServer - Tomcat started on port(s): 8080 (http) with context path ''
[INFO ] 2022-08-31 11:54:17.724 [main] SpringAutoPolizzaApplication - Started SpringAutoPolizzaApplication in 3.889 seconds (JVM running for 5.144)
[INFO ] 2022-08-31 11:54:19.488 [http-nio-8080-exec-2] [/] - Initializing Spring DispatcherServlet 'dispatcherServlet'
[WARN ] 2022-08-31 11:55:25.687 [HikariPool-1 housekeeper] HikariPool - HikariPool-1 - Thread starvation or clock leap detected (housekeeper delta=1m8s186ms734µs600ns).
[INFO ] 2022-08-31 11:55:51.438 [SpringApplicationShutdownHook] HikariDataSource - HikariPool-1 - Shutdown initiated...
[INFO ] 2022-08-31 11:55:51.442 [SpringApplicationShutdownHook] HikariDataSource - HikariPool-1 - Shutdown completed.
[INFO ] 2022-08-31 11:56:46.085 [background-preinit] Version - HV000001: Hibernate Validator 6.2.3.Final
[INFO ] 2022-08-31 11:56:46.144 [main] SpringAutoPolizzaApplication - Starting SpringAutoPolizzaApplication using Java 18.0.2.1 on Luca with PID 2136 (C:\Users\lucab\Desktop\Lavoro\Directory\SpringAutoPolizza\target\classes started by lucab in C:\Users\lucab\Desktop\Lavoro\Directory\SpringAutoPolizza)
[INFO ] 2022-08-31 11:56:46.152 [main] SpringAutoPolizzaApplication - No active profile set, falling back to 1 default profile: "default"
[INFO ] 2022-08-31 11:56:46.932 [main] RepositoryConfigurationDelegate - Bootstrapping Spring Data JDBC repositories in DEFAULT mode.
[INFO ] 2022-08-31 11:56:46.951 [main] RepositoryConfigurationDelegate - Finished Spring Data repository scanning in 14 ms. Found 0 JDBC repository interfaces.
[INFO ] 2022-08-31 11:56:47.652 [main] TomcatWebServer - Tomcat initialized with port(s): 8080 (http)
[INFO ] 2022-08-31 11:56:47.674 [main] Http11NioProtocol - Initializing ProtocolHandler ["http-nio-8080"]
[INFO ] 2022-08-31 11:56:47.675 [main] StandardService - Starting service [Tomcat]
[INFO ] 2022-08-31 11:56:47.675 [main] StandardEngine - Starting Servlet engine: [Apache Tomcat/9.0.64]
[INFO ] 2022-08-31 11:56:47.802 [main] [/] - Initializing Spring embedded WebApplicationContext
[INFO ] 2022-08-31 11:56:47.802 [main] ServletWebServerApplicationContext - Root WebApplicationContext: initialization completed in 1591 ms
[INFO ] 2022-08-31 11:56:48.051 [main] AutowiredAnnotationBeanPostProcessor - Autowired annotation is not supported on static fields: private static final org.apache.logging.log4j.Logger it.rjcsoft.springautopolizza.controller.AutoController.logger
[INFO ] 2022-08-31 11:56:48.287 [main] DefaultSecurityFilterChain - Will secure any request with [org.springframework.security.web.session.DisableEncodeUrlFilter@7634f2b, org.springframework.security.web.context.request.async.WebAsyncManagerIntegrationFilter@1d15c0a1, org.springframework.security.web.context.SecurityContextPersistenceFilter@664e848c, org.springframework.security.web.header.HeaderWriterFilter@697d6ded, org.springframework.security.web.csrf.CsrfFilter@1af4955e, org.springframework.security.web.authentication.logout.LogoutFilter@45292ec1, org.springframework.security.web.authentication.UsernamePasswordAuthenticationFilter@50b46e24, org.springframework.security.web.authentication.ui.DefaultLoginPageGeneratingFilter@7da635c0, org.springframework.security.web.authentication.ui.DefaultLogoutPageGeneratingFilter@15639d09, org.springframework.security.web.savedrequest.RequestCacheAwareFilter@114a5e0, org.springframework.security.web.servletapi.SecurityContextHolderAwareRequestFilter@24c685e7, org.springframework.security.web.authentication.AnonymousAuthenticationFilter@4fba8eec, org.springframework.security.web.session.SessionManagementFilter@5efeb117, org.springframework.security.web.access.ExceptionTranslationFilter@52ca2652, org.springframework.security.web.access.intercept.FilterSecurityInterceptor@2b6c7012]
[INFO ] 2022-08-31 11:56:48.677 [main] HikariDataSource - HikariPool-1 - Starting...
[INFO ] 2022-08-31 11:56:48.794 [main] HikariDataSource - HikariPool-1 - Start completed.
[INFO ] 2022-08-31 11:56:49.064 [main] Http11NioProtocol - Starting ProtocolHandler ["http-nio-8080"]
[INFO ] 2022-08-31 11:56:49.109 [main] TomcatWebServer - Tomcat started on port(s): 8080 (http) with context path ''
[INFO ] 2022-08-31 11:56:49.125 [main] SpringAutoPolizzaApplication - Started SpringAutoPolizzaApplication in 3.416 seconds (JVM running for 4.506)
[INFO ] 2022-08-31 11:56:51.631 [http-nio-8080-exec-2] [/] - Initializing Spring DispatcherServlet 'dispatcherServlet'
[INFO ] 2022-08-31 11:59:15.645 [SpringApplicationShutdownHook] HikariDataSource - HikariPool-1 - Shutdown initiated...
[INFO ] 2022-08-31 11:59:15.649 [SpringApplicationShutdownHook] HikariDataSource - HikariPool-1 - Shutdown completed.
[INFO ] 2022-08-31 11:59:20.529 [background-preinit] Version - HV000001: Hibernate Validator 6.2.3.Final
[INFO ] 2022-08-31 11:59:20.578 [main] SpringAutoPolizzaApplication - Starting SpringAutoPolizzaApplication using Java 18.0.2.1 on Luca with PID 18828 (C:\Users\lucab\Desktop\Lavoro\Directory\SpringAutoPolizza\target\classes started by lucab in C:\Users\lucab\Desktop\Lavoro\Directory\SpringAutoPolizza)
[INFO ] 2022-08-31 11:59:20.584 [main] SpringAutoPolizzaApplication - No active profile set, falling back to 1 default profile: "default"
[INFO ] 2022-08-31 11:59:21.410 [main] RepositoryConfigurationDelegate - Bootstrapping Spring Data JDBC repositories in DEFAULT mode.
[INFO ] 2022-08-31 11:59:21.433 [main] RepositoryConfigurationDelegate - Finished Spring Data repository scanning in 16 ms. Found 0 JDBC repository interfaces.
[INFO ] 2022-08-31 11:59:22.166 [main] TomcatWebServer - Tomcat initialized with port(s): 8080 (http)
[INFO ] 2022-08-31 11:59:22.191 [main] Http11NioProtocol - Initializing ProtocolHandler ["http-nio-8080"]
[INFO ] 2022-08-31 11:59:22.191 [main] StandardService - Starting service [Tomcat]
[INFO ] 2022-08-31 11:59:22.192 [main] StandardEngine - Starting Servlet engine: [Apache Tomcat/9.0.64]
[INFO ] 2022-08-31 11:59:22.317 [main] [/] - Initializing Spring embedded WebApplicationContext
[INFO ] 2022-08-31 11:59:22.317 [main] ServletWebServerApplicationContext - Root WebApplicationContext: initialization completed in 1681 ms
[INFO ] 2022-08-31 11:59:22.509 [main] AutowiredAnnotationBeanPostProcessor - Autowired annotation is not supported on static fields: private static final org.apache.logging.log4j.Logger it.rjcsoft.springautopolizza.controller.AutoController.logger
[INFO ] 2022-08-31 11:59:22.742 [main] DefaultSecurityFilterChain - Will secure any request with [org.springframework.security.web.session.DisableEncodeUrlFilter@31acfd4e, org.springframework.security.web.context.request.async.WebAsyncManagerIntegrationFilter@5f726750, org.springframework.security.web.context.SecurityContextPersistenceFilter@40ce9049, org.springframework.security.web.header.HeaderWriterFilter@543d5863, org.springframework.security.web.csrf.CsrfFilter@7d0100ea, org.springframework.security.web.authentication.logout.LogoutFilter@3292d91a, org.springframework.security.web.authentication.UsernamePasswordAuthenticationFilter@740dcae3, org.springframework.security.web.authentication.ui.DefaultLoginPageGeneratingFilter@664e848c, org.springframework.security.web.authentication.ui.DefaultLogoutPageGeneratingFilter@4e80a001, org.springframework.security.web.savedrequest.RequestCacheAwareFilter@65c5bf0e, org.springframework.security.web.servletapi.SecurityContextHolderAwareRequestFilter@149b4d20, org.springframework.security.web.authentication.AnonymousAuthenticationFilter@624b523, org.springframework.security.web.session.SessionManagementFilter@dd3f8aa, org.springframework.security.web.access.ExceptionTranslationFilter@611b35d6, org.springframework.security.web.access.intercept.FilterSecurityInterceptor@56826a75]
[INFO ] 2022-08-31 11:59:23.115 [main] HikariDataSource - HikariPool-1 - Starting...
[INFO ] 2022-08-31 11:59:23.226 [main] HikariDataSource - HikariPool-1 - Start completed.
[INFO ] 2022-08-31 11:59:23.416 [main] Http11NioProtocol - Starting ProtocolHandler ["http-nio-8080"]
[INFO ] 2022-08-31 11:59:23.447 [main] TomcatWebServer - Tomcat started on port(s): 8080 (http) with context path ''
[INFO ] 2022-08-31 11:59:23.463 [main] SpringAutoPolizzaApplication - Started SpringAutoPolizzaApplication in 3.308 seconds (JVM running for 4.46)
[INFO ] 2022-08-31 11:59:24.541 [http-nio-8080-exec-3] [/] - Initializing Spring DispatcherServlet 'dispatcherServlet'
[INFO ] 2022-08-31 11:59:41.759 [SpringApplicationShutdownHook] HikariDataSource - HikariPool-1 - Shutdown initiated...
[INFO ] 2022-08-31 11:59:41.764 [SpringApplicationShutdownHook] HikariDataSource - HikariPool-1 - Shutdown completed.
[INFO ] 2022-08-31 11:59:44.501 [background-preinit] Version - HV000001: Hibernate Validator 6.2.3.Final
[INFO ] 2022-08-31 11:59:44.575 [main] SpringAutoPolizzaApplication - Starting SpringAutoPolizzaApplication using Java 18.0.2.1 on Luca with PID 7848 (C:\Users\lucab\Desktop\Lavoro\Directory\SpringAutoPolizza\target\classes started by lucab in C:\Users\lucab\Desktop\Lavoro\Directory\SpringAutoPolizza)
[INFO ] 2022-08-31 11:59:44.590 [main] SpringAutoPolizzaApplication - No active profile set, falling back to 1 default profile: "default"
[INFO ] 2022-08-31 11:59:45.546 [main] RepositoryConfigurationDelegate - Bootstrapping Spring Data JDBC repositories in DEFAULT mode.
[INFO ] 2022-08-31 11:59:45.567 [main] RepositoryConfigurationDelegate - Finished Spring Data repository scanning in 16 ms. Found 0 JDBC repository interfaces.
[INFO ] 2022-08-31 11:59:46.368 [main] TomcatWebServer - Tomcat initialized with port(s): 8080 (http)
[INFO ] 2022-08-31 11:59:46.397 [main] Http11NioProtocol - Initializing ProtocolHandler ["http-nio-8080"]
[INFO ] 2022-08-31 11:59:46.398 [main] StandardService - Starting service [Tomcat]
[INFO ] 2022-08-31 11:59:46.398 [main] StandardEngine - Starting Servlet engine: [Apache Tomcat/9.0.64]
[INFO ] 2022-08-31 11:59:46.523 [main] [/] - Initializing Spring embedded WebApplicationContext
[INFO ] 2022-08-31 11:59:46.523 [main] ServletWebServerApplicationContext - Root WebApplicationContext: initialization completed in 1858 ms
[INFO ] 2022-08-31 11:59:46.778 [main] AutowiredAnnotationBeanPostProcessor - Autowired annotation is not supported on static fields: private static final org.apache.logging.log4j.Logger it.rjcsoft.springautopolizza.controller.AutoController.logger
[INFO ] 2022-08-31 11:59:47.073 [main] DefaultSecurityFilterChain - Will secure any request with [org.springframework.security.web.session.DisableEncodeUrlFilter@a54acec, org.springframework.security.web.context.request.async.WebAsyncManagerIntegrationFilter@19da993b, org.springframework.security.web.context.SecurityContextPersistenceFilter@8054fe2, org.springframework.security.web.header.HeaderWriterFilter@31723307, org.springframework.security.web.csrf.CsrfFilter@18a096b5, org.springframework.security.web.authentication.logout.LogoutFilter@21e45a6f, org.springframework.security.web.authentication.UsernamePasswordAuthenticationFilter@7df6d663, org.springframework.security.web.authentication.ui.DefaultLoginPageGeneratingFilter@32a4ecbe, org.springframework.security.web.authentication.ui.DefaultLogoutPageGeneratingFilter@3380ca3d, org.springframework.security.web.savedrequest.RequestCacheAwareFilter@48268eec, org.springframework.security.web.servletapi.SecurityContextHolderAwareRequestFilter@39b626e5, org.springframework.security.web.authentication.AnonymousAuthenticationFilter@23310248, org.springframework.security.web.session.SessionManagementFilter@6d6f6860, org.springframework.security.web.access.ExceptionTranslationFilter@7d42404e, org.springframework.security.web.access.intercept.FilterSecurityInterceptor@74667e6a]
[INFO ] 2022-08-31 11:59:47.600 [main] HikariDataSource - HikariPool-1 - Starting...
[INFO ] 2022-08-31 11:59:47.755 [main] HikariDataSource - HikariPool-1 - Start completed.
[INFO ] 2022-08-31 11:59:48.019 [main] Http11NioProtocol - Starting ProtocolHandler ["http-nio-8080"]
[INFO ] 2022-08-31 11:59:48.054 [main] TomcatWebServer - Tomcat started on port(s): 8080 (http) with context path ''
[INFO ] 2022-08-31 11:59:48.083 [main] SpringAutoPolizzaApplication - Started SpringAutoPolizzaApplication in 4.053 seconds (JVM running for 5.277)
[INFO ] 2022-08-31 11:59:50.061 [http-nio-8080-exec-1] [/] - Initializing Spring DispatcherServlet 'dispatcherServlet'
[WARN ] 2022-08-31 12:02:11.941 [HikariPool-1 housekeeper] HikariPool - HikariPool-1 - Thread starvation or clock leap detected (housekeeper delta=2m24s78ms856µs100ns).
[INFO ] 2022-08-31 12:03:55.350 [SpringApplicationShutdownHook] HikariDataSource - HikariPool-1 - Shutdown initiated...
[INFO ] 2022-08-31 12:03:55.354 [SpringApplicationShutdownHook] HikariDataSource - HikariPool-1 - Shutdown completed.
[INFO ] 2022-08-31 12:04:00.894 [background-preinit] Version - HV000001: Hibernate Validator 6.2.3.Final
[INFO ] 2022-08-31 12:04:00.945 [main] SpringAutoPolizzaApplication - Starting SpringAutoPolizzaApplication using Java 18.0.2.1 on Luca with PID 18496 (C:\Users\lucab\Desktop\Lavoro\Directory\SpringAutoPolizza\target\classes started by lucab in C:\Users\lucab\Desktop\Lavoro\Directory\SpringAutoPolizza)
[INFO ] 2022-08-31 12:04:00.952 [main] SpringAutoPolizzaApplication - No active profile set, falling back to 1 default profile: "default"
[INFO ] 2022-08-31 12:04:01.736 [main] RepositoryConfigurationDelegate - Bootstrapping Spring Data JDBC repositories in DEFAULT mode.
[INFO ] 2022-08-31 12:04:01.756 [main] RepositoryConfigurationDelegate - Finished Spring Data repository scanning in 14 ms. Found 0 JDBC repository interfaces.
[INFO ] 2022-08-31 12:04:02.480 [main] TomcatWebServer - Tomcat initialized with port(s): 8080 (http)
[INFO ] 2022-08-31 12:04:02.505 [main] Http11NioProtocol - Initializing ProtocolHandler ["http-nio-8080"]
[INFO ] 2022-08-31 12:04:02.505 [main] StandardService - Starting service [Tomcat]
[INFO ] 2022-08-31 12:04:02.505 [main] StandardEngine - Starting Servlet engine: [Apache Tomcat/9.0.64]
[INFO ] 2022-08-31 12:04:02.643 [main] [/] - Initializing Spring embedded WebApplicationContext
[INFO ] 2022-08-31 12:04:02.644 [main] ServletWebServerApplicationContext - Root WebApplicationContext: initialization completed in 1637 ms
[INFO ] 2022-08-31 12:04:02.888 [main] AutowiredAnnotationBeanPostProcessor - Autowired annotation is not supported on static fields: private static final org.apache.logging.log4j.Logger it.rjcsoft.springautopolizza.controller.AutoController.logger
[INFO ] 2022-08-31 12:04:03.184 [main] DefaultSecurityFilterChain - Will secure any request with [org.springframework.security.web.session.DisableEncodeUrlFilter@7634f2b, org.springframework.security.web.context.request.async.WebAsyncManagerIntegrationFilter@1d15c0a1, org.springframework.security.web.context.SecurityContextPersistenceFilter@664e848c, org.springframework.security.web.header.HeaderWriterFilter@697d6ded, org.springframework.security.web.csrf.CsrfFilter@1af4955e, org.springframework.security.web.authentication.logout.LogoutFilter@45292ec1, org.springframework.security.web.authentication.UsernamePasswordAuthenticationFilter@50b46e24, org.springframework.security.web.authentication.ui.DefaultLoginPageGeneratingFilter@7da635c0, org.springframework.security.web.authentication.ui.DefaultLogoutPageGeneratingFilter@15639d09, org.springframework.security.web.savedrequest.RequestCacheAwareFilter@114a5e0, org.springframework.security.web.servletapi.SecurityContextHolderAwareRequestFilter@24c685e7, org.springframework.security.web.authentication.AnonymousAuthenticationFilter@4fba8eec, org.springframework.security.web.session.SessionManagementFilter@5efeb117, org.springframework.security.web.access.ExceptionTranslationFilter@52ca2652, org.springframework.security.web.access.intercept.FilterSecurityInterceptor@2b6c7012]
[INFO ] 2022-08-31 12:04:03.630 [main] HikariDataSource - HikariPool-1 - Starting...
[INFO ] 2022-08-31 12:04:03.803 [main] HikariDataSource - HikariPool-1 - Start completed.
[INFO ] 2022-08-31 12:04:04.038 [main] Http11NioProtocol - Starting ProtocolHandler ["http-nio-8080"]
[INFO ] 2022-08-31 12:04:04.073 [main] TomcatWebServer - Tomcat started on port(s): 8080 (http) with context path ''
[INFO ] 2022-08-31 12:04:04.091 [main] SpringAutoPolizzaApplication - Started SpringAutoPolizzaApplication in 3.555 seconds (JVM running for 4.529)
[INFO ] 2022-08-31 12:04:05.307 [http-nio-8080-exec-1] [/] - Initializing Spring DispatcherServlet 'dispatcherServlet'
[INFO ] 2022-08-31 12:05:31.834 [SpringApplicationShutdownHook] HikariDataSource - HikariPool-1 - Shutdown initiated...
[INFO ] 2022-08-31 12:05:31.838 [SpringApplicationShutdownHook] HikariDataSource - HikariPool-1 - Shutdown completed.
[INFO ] 2022-08-31 12:05:36.520 [background-preinit] Version - HV000001: Hibernate Validator 6.2.3.Final
[INFO ] 2022-08-31 12:05:36.578 [main] SpringAutoPolizzaApplication - Starting SpringAutoPolizzaApplication using Java 18.0.2.1 on Luca with PID 5512 (C:\Users\lucab\Desktop\Lavoro\Directory\SpringAutoPolizza\target\classes started by lucab in C:\Users\lucab\Desktop\Lavoro\Directory\SpringAutoPolizza)
[INFO ] 2022-08-31 12:05:36.582 [main] SpringAutoPolizzaApplication - No active profile set, falling back to 1 default profile: "default"
[INFO ] 2022-08-31 12:05:37.372 [main] RepositoryConfigurationDelegate - Bootstrapping Spring Data JDBC repositories in DEFAULT mode.
[INFO ] 2022-08-31 12:05:37.391 [main] RepositoryConfigurationDelegate - Finished Spring Data repository scanning in 14 ms. Found 0 JDBC repository interfaces.
[INFO ] 2022-08-31 12:05:38.101 [main] TomcatWebServer - Tomcat initialized with port(s): 8080 (http)
[INFO ] 2022-08-31 12:05:38.125 [main] Http11NioProtocol - Initializing ProtocolHandler ["http-nio-8080"]
[INFO ] 2022-08-31 12:05:38.126 [main] StandardService - Starting service [Tomcat]
[INFO ] 2022-08-31 12:05:38.126 [main] StandardEngine - Starting Servlet engine: [Apache Tomcat/9.0.64]
[INFO ] 2022-08-31 12:05:38.248 [main] [/] - Initializing Spring embedded WebApplicationContext
[INFO ] 2022-08-31 12:05:38.248 [main] ServletWebServerApplicationContext - Root WebApplicationContext: initialization completed in 1608 ms
[INFO ] 2022-08-31 12:05:38.436 [main] AutowiredAnnotationBeanPostProcessor - Autowired annotation is not supported on static fields: private static final org.apache.logging.log4j.Logger it.rjcsoft.springautopolizza.controller.AutoController.logger
[INFO ] 2022-08-31 12:05:38.685 [main] DefaultSecurityFilterChain - Will secure any request with [org.springframework.security.web.session.DisableEncodeUrlFilter@15639d09, org.springframework.security.web.context.request.async.WebAsyncManagerIntegrationFilter@4fba8eec, org.springframework.security.web.context.SecurityContextPersistenceFilter@114a5e0, org.springframework.security.web.header.HeaderWriterFilter@5efeb117, org.springframework.security.web.csrf.CsrfFilter@2c0c4c0a, org.springframework.security.web.authentication.logout.LogoutFilter@28babeca, org.springframework.security.web.authentication.UsernamePasswordAuthenticationFilter@577bf0aa, org.springframework.security.web.authentication.ui.DefaultLoginPageGeneratingFilter@251c4280, org.springframework.security.web.authentication.ui.DefaultLogoutPageGeneratingFilter@52bd9a27, org.springframework.security.web.savedrequest.RequestCacheAwareFilter@5d508d22, org.springframework.security.web.servletapi.SecurityContextHolderAwareRequestFilter@2ed9f6f8, org.springframework.security.web.authentication.AnonymousAuthenticationFilter@611e5819, org.springframework.security.web.session.SessionManagementFilter@149b4d20, org.springframework.security.web.access.ExceptionTranslationFilter@697d6ded, org.springframework.security.web.access.intercept.FilterSecurityInterceptor@5f726750]
[INFO ] 2022-08-31 12:05:39.117 [main] HikariDataSource - HikariPool-1 - Starting...
[INFO ] 2022-08-31 12:05:39.266 [main] HikariDataSource - HikariPool-1 - Start completed.
[INFO ] 2022-08-31 12:05:39.484 [main] Http11NioProtocol - Starting ProtocolHandler ["http-nio-8080"]
[INFO ] 2022-08-31 12:05:39.511 [main] TomcatWebServer - Tomcat started on port(s): 8080 (http) with context path ''
[INFO ] 2022-08-31 12:05:39.524 [main] SpringAutoPolizzaApplication - Started SpringAutoPolizzaApplication in 3.374 seconds (JVM running for 4.36)
[INFO ] 2022-08-31 12:05:39.706 [http-nio-8080-exec-1] [/] - Initializing Spring DispatcherServlet 'dispatcherServlet'
[INFO ] 2022-08-31 12:08:04.123 [SpringApplicationShutdownHook] HikariDataSource - HikariPool-1 - Shutdown initiated...
[INFO ] 2022-08-31 12:08:04.126 [SpringApplicationShutdownHook] HikariDataSource - HikariPool-1 - Shutdown completed.
[INFO ] 2022-08-31 12:08:08.784 [background-preinit] Version - HV000001: Hibernate Validator 6.2.3.Final
[INFO ] 2022-08-31 12:08:08.840 [main] SpringAutoPolizzaApplication - Starting SpringAutoPolizzaApplication using Java 18.0.2.1 on Luca with PID 2732 (C:\Users\lucab\Desktop\Lavoro\Directory\SpringAutoPolizza\target\classes started by lucab in C:\Users\lucab\Desktop\Lavoro\Directory\SpringAutoPolizza)
[INFO ] 2022-08-31 12:08:08.847 [main] SpringAutoPolizzaApplication - No active profile set, falling back to 1 default profile: "default"
[INFO ] 2022-08-31 12:08:09.622 [main] RepositoryConfigurationDelegate - Bootstrapping Spring Data JDBC repositories in DEFAULT mode.
[INFO ] 2022-08-31 12:08:09.642 [main] RepositoryConfigurationDelegate - Finished Spring Data repository scanning in 13 ms. Found 0 JDBC repository interfaces.
[INFO ] 2022-08-31 12:08:10.353 [main] TomcatWebServer - Tomcat initialized with port(s): 8080 (http)
[INFO ] 2022-08-31 12:08:10.372 [main] Http11NioProtocol - Initializing ProtocolHandler ["http-nio-8080"]
[INFO ] 2022-08-31 12:08:10.372 [main] StandardService - Starting service [Tomcat]
[INFO ] 2022-08-31 12:08:10.372 [main] StandardEngine - Starting Servlet engine: [Apache Tomcat/9.0.64]
[INFO ] 2022-08-31 12:08:10.507 [main] [/] - Initializing Spring embedded WebApplicationContext
[INFO ] 2022-08-31 12:08:10.507 [main] ServletWebServerApplicationContext - Root WebApplicationContext: initialization completed in 1603 ms
[INFO ] 2022-08-31 12:08:10.735 [main] AutowiredAnnotationBeanPostProcessor - Autowired annotation is not supported on static fields: private static final org.apache.logging.log4j.Logger it.rjcsoft.springautopolizza.controller.AutoController.logger
[INFO ] 2022-08-31 12:08:11.000 [main] DefaultSecurityFilterChain - Will secure any request with [org.springframework.security.web.session.DisableEncodeUrlFilter@73ca34e7, org.springframework.security.web.context.request.async.WebAsyncManagerIntegrationFilter@4d98e41b, org.springframework.security.web.context.SecurityContextPersistenceFilter@24c685e7, org.springframework.security.web.header.HeaderWriterFilter@114a5e0, org.springframework.security.web.csrf.CsrfFilter@66e21568, org.springframework.security.web.authentication.logout.LogoutFilter@656a3d6b, org.springframework.security.web.authentication.UsernamePasswordAuthenticationFilter@4fba8eec, org.springframework.security.web.authentication.ui.DefaultLoginPageGeneratingFilter@420a8042, org.springframework.security.web.authentication.ui.DefaultLogoutPageGeneratingFilter@5ed5b321, org.springframework.security.web.savedrequest.RequestCacheAwareFilter@2ed9f6f8, org.springframework.security.web.servletapi.SecurityContextHolderAwareRequestFilter@5f61371d, org.springframework.security.web.authentication.AnonymousAuthenticationFilter@5696c927, org.springframework.security.web.session.SessionManagementFilter@5d508d22, org.springframework.security.web.access.ExceptionTranslationFilter@664e848c, org.springframework.security.web.access.intercept.FilterSecurityInterceptor@577bf0aa]
[INFO ] 2022-08-31 12:08:11.454 [main] HikariDataSource - HikariPool-1 - Starting...
[INFO ] 2022-08-31 12:08:11.592 [main] HikariDataSource - HikariPool-1 - Start completed.
[INFO ] 2022-08-31 12:08:11.808 [main] Http11NioProtocol - Starting ProtocolHandler ["http-nio-8080"]
[INFO ] 2022-08-31 12:08:11.839 [main] TomcatWebServer - Tomcat started on port(s): 8080 (http) with context path ''
[INFO ] 2022-08-31 12:08:11.853 [main] SpringAutoPolizzaApplication - Started SpringAutoPolizzaApplication in 3.438 seconds (JVM running for 4.428)
[INFO ] 2022-08-31 12:08:12.027 [http-nio-8080-exec-1] [/] - Initializing Spring DispatcherServlet 'dispatcherServlet'
[INFO ] 2022-08-31 12:10:21.002 [SpringApplicationShutdownHook] HikariDataSource - HikariPool-1 - Shutdown initiated...
[INFO ] 2022-08-31 12:10:21.006 [SpringApplicationShutdownHook] HikariDataSource - HikariPool-1 - Shutdown completed.
[INFO ] 2022-08-31 12:10:25.477 [background-preinit] Version - HV000001: Hibernate Validator 6.2.3.Final
[INFO ] 2022-08-31 12:10:25.531 [main] SpringAutoPolizzaApplication - Starting SpringAutoPolizzaApplication using Java 18.0.2.1 on Luca with PID 8260 (C:\Users\lucab\Desktop\Lavoro\Directory\SpringAutoPolizza\target\classes started by lucab in C:\Users\lucab\Desktop\Lavoro\Directory\SpringAutoPolizza)
[INFO ] 2022-08-31 12:10:25.536 [main] SpringAutoPolizzaApplication - No active profile set, falling back to 1 default profile: "default"
[INFO ] 2022-08-31 12:10:26.346 [main] RepositoryConfigurationDelegate - Bootstrapping Spring Data JDBC repositories in DEFAULT mode.
[INFO ] 2022-08-31 12:10:26.367 [main] RepositoryConfigurationDelegate - Finished Spring Data repository scanning in 16 ms. Found 0 JDBC repository interfaces.
[INFO ] 2022-08-31 12:10:27.094 [main] TomcatWebServer - Tomcat initialized with port(s): 8080 (http)
[INFO ] 2022-08-31 12:10:27.111 [main] Http11NioProtocol - Initializing ProtocolHandler ["http-nio-8080"]
[INFO ] 2022-08-31 12:10:27.111 [main] StandardService - Starting service [Tomcat]
[INFO ] 2022-08-31 12:10:27.111 [main] StandardEngine - Starting Servlet engine: [Apache Tomcat/9.0.64]
[INFO ] 2022-08-31 12:10:27.227 [main] [/] - Initializing Spring embedded WebApplicationContext
[INFO ] 2022-08-31 12:10:27.227 [main] ServletWebServerApplicationContext - Root WebApplicationContext: initialization completed in 1636 ms
[INFO ] 2022-08-31 12:10:27.466 [main] AutowiredAnnotationBeanPostProcessor - Autowired annotation is not supported on static fields: private static final org.apache.logging.log4j.Logger it.rjcsoft.springautopolizza.controller.AutoController.logger
[INFO ] 2022-08-31 12:10:27.735 [main] DefaultSecurityFilterChain - Will secure any request with [org.springframework.security.web.session.DisableEncodeUrlFilter@611e5819, org.springframework.security.web.context.request.async.WebAsyncManagerIntegrationFilter@681c0ae6, org.springframework.security.web.context.SecurityContextPersistenceFilter@f2b90fc, org.springframework.security.web.header.HeaderWriterFilter@664e848c, org.springframework.security.web.csrf.CsrfFilter@ee21292, org.springframework.security.web.authentication.logout.LogoutFilter@4f93bf0a, org.springframework.security.web.authentication.UsernamePasswordAuthenticationFilter@1d15c0a1, org.springframework.security.web.authentication.ui.DefaultLoginPageGeneratingFilter@182e7eda, org.springframework.security.web.authentication.ui.DefaultLogoutPageGeneratingFilter@73ca34e7, org.springframework.security.web.savedrequest.RequestCacheAwareFilter@24c685e7, org.springframework.security.web.servletapi.SecurityContextHolderAwareRequestFilter@79a13920, org.springframework.security.web.authentication.AnonymousAuthenticationFilter@4d98e41b, org.springframework.security.web.session.SessionManagementFilter@114a5e0, org.springframework.security.web.access.ExceptionTranslationFilter@160b4809, org.springframework.security.web.access.intercept.FilterSecurityInterceptor@50b46e24]
[INFO ] 2022-08-31 12:10:28.151 [main] HikariDataSource - HikariPool-1 - Starting...
[INFO ] 2022-08-31 12:10:28.320 [main] HikariDataSource - HikariPool-1 - Start completed.
[INFO ] 2022-08-31 12:10:28.534 [main] Http11NioProtocol - Starting ProtocolHandler ["http-nio-8080"]
[INFO ] 2022-08-31 12:10:28.570 [main] TomcatWebServer - Tomcat started on port(s): 8080 (http) with context path ''
[INFO ] 2022-08-31 12:10:28.592 [main] SpringAutoPolizzaApplication - Started SpringAutoPolizzaApplication in 3.463 seconds (JVM running for 4.434)
[INFO ] 2022-08-31 12:10:28.766 [http-nio-8080-exec-1] [/] - Initializing Spring DispatcherServlet 'dispatcherServlet'
[INFO ] 2022-08-31 12:11:13.693 [SpringApplicationShutdownHook] HikariDataSource - HikariPool-1 - Shutdown initiated...
[INFO ] 2022-08-31 12:11:13.697 [SpringApplicationShutdownHook] HikariDataSource - HikariPool-1 - Shutdown completed.
[INFO ] 2022-08-31 12:11:18.054 [background-preinit] Version - HV000001: Hibernate Validator 6.2.3.Final
[INFO ] 2022-08-31 12:11:18.105 [main] SpringAutoPolizzaApplication - Starting SpringAutoPolizzaApplication using Java 18.0.2.1 on Luca with PID 13044 (C:\Users\lucab\Desktop\Lavoro\Directory\SpringAutoPolizza\target\classes started by lucab in C:\Users\lucab\Desktop\Lavoro\Directory\SpringAutoPolizza)
[INFO ] 2022-08-31 12:11:18.111 [main] SpringAutoPolizzaApplication - No active profile set, falling back to 1 default profile: "default"
[INFO ] 2022-08-31 12:11:18.879 [main] RepositoryConfigurationDelegate - Bootstrapping Spring Data JDBC repositories in DEFAULT mode.
[INFO ] 2022-08-31 12:11:18.900 [main] RepositoryConfigurationDelegate - Finished Spring Data repository scanning in 14 ms. Found 0 JDBC repository interfaces.
[INFO ] 2022-08-31 12:11:19.625 [main] TomcatWebServer - Tomcat initialized with port(s): 8080 (http)
[INFO ] 2022-08-31 12:11:19.646 [main] Http11NioProtocol - Initializing ProtocolHandler ["http-nio-8080"]
[INFO ] 2022-08-31 12:11:19.647 [main] StandardService - Starting service [Tomcat]
[INFO ] 2022-08-31 12:11:19.647 [main] StandardEngine - Starting Servlet engine: [Apache Tomcat/9.0.64]
[INFO ] 2022-08-31 12:11:19.773 [main] [/] - Initializing Spring embedded WebApplicationContext
[INFO ] 2022-08-31 12:11:19.773 [main] ServletWebServerApplicationContext - Root WebApplicationContext: initialization completed in 1604 ms
[INFO ] 2022-08-31 12:11:20.007 [main] AutowiredAnnotationBeanPostProcessor - Autowired annotation is not supported on static fields: private static final org.apache.logging.log4j.Logger it.rjcsoft.springautopolizza.controller.AutoController.logger
[INFO ] 2022-08-31 12:11:20.269 [main] DefaultSecurityFilterChain - Will secure any request with [org.springframework.security.web.session.DisableEncodeUrlFilter@73ca34e7, org.springframework.security.web.context.request.async.WebAsyncManagerIntegrationFilter@4d98e41b, org.springframework.security.web.context.SecurityContextPersistenceFilter@24c685e7, org.springframework.security.web.header.HeaderWriterFilter@114a5e0, org.springframework.security.web.csrf.CsrfFilter@66e21568, org.springframework.security.web.authentication.logout.LogoutFilter@656a3d6b, org.springframework.security.web.authentication.UsernamePasswordAuthenticationFilter@4fba8eec, org.springframework.security.web.authentication.ui.DefaultLoginPageGeneratingFilter@420a8042, org.springframework.security.web.authentication.ui.DefaultLogoutPageGeneratingFilter@5ed5b321, org.springframework.security.web.savedrequest.RequestCacheAwareFilter@2ed9f6f8, org.springframework.security.web.servletapi.SecurityContextHolderAwareRequestFilter@5f61371d, org.springframework.security.web.authentication.AnonymousAuthenticationFilter@5696c927, org.springframework.security.web.session.SessionManagementFilter@5d508d22, org.springframework.security.web.access.ExceptionTranslationFilter@664e848c, org.springframework.security.web.access.intercept.FilterSecurityInterceptor@577bf0aa]
[INFO ] 2022-08-31 12:11:20.644 [main] HikariDataSource - HikariPool-1 - Starting...
[INFO ] 2022-08-31 12:11:20.779 [main] HikariDataSource - HikariPool-1 - Start completed.
[INFO ] 2022-08-31 12:11:21.028 [main] Http11NioProtocol - Starting ProtocolHandler ["http-nio-8080"]
[INFO ] 2022-08-31 12:11:21.059 [main] TomcatWebServer - Tomcat started on port(s): 8080 (http) with context path ''
[INFO ] 2022-08-31 12:11:21.074 [main] SpringAutoPolizzaApplication - Started SpringAutoPolizzaApplication in 3.369 seconds (JVM running for 4.317)
[INFO ] 2022-08-31 12:11:21.541 [http-nio-8080-exec-2] [/] - Initializing Spring DispatcherServlet 'dispatcherServlet'
[INFO ] 2022-08-31 12:17:57.726 [SpringApplicationShutdownHook] HikariDataSource - HikariPool-1 - Shutdown initiated...
[INFO ] 2022-08-31 12:17:57.730 [SpringApplicationShutdownHook] HikariDataSource - HikariPool-1 - Shutdown completed.
[INFO ] 2022-08-31 12:18:02.740 [background-preinit] Version - HV000001: Hibernate Validator 6.2.3.Final
[INFO ] 2022-08-31 12:18:02.800 [main] SpringAutoPolizzaApplication - Starting SpringAutoPolizzaApplication using Java 18.0.2.1 on Luca with PID 18756 (C:\Users\lucab\Desktop\Lavoro\Directory\SpringAutoPolizza\target\classes started by lucab in C:\Users\lucab\Desktop\Lavoro\Directory\SpringAutoPolizza)
[INFO ] 2022-08-31 12:18:02.806 [main] SpringAutoPolizzaApplication - No active profile set, falling back to 1 default profile: "default"
[INFO ] 2022-08-31 12:18:03.624 [main] RepositoryConfigurationDelegate - Bootstrapping Spring Data JDBC repositories in DEFAULT mode.
[INFO ] 2022-08-31 12:18:03.643 [main] RepositoryConfigurationDelegate - Finished Spring Data repository scanning in 13 ms. Found 0 JDBC repository interfaces.
[INFO ] 2022-08-31 12:18:04.350 [main] TomcatWebServer - Tomcat initialized with port(s): 8080 (http)
[INFO ] 2022-08-31 12:18:04.374 [main] Http11NioProtocol - Initializing ProtocolHandler ["http-nio-8080"]
[INFO ] 2022-08-31 12:18:04.375 [main] StandardService - Starting service [Tomcat]
[INFO ] 2022-08-31 12:18:04.375 [main] StandardEngine - Starting Servlet engine: [Apache Tomcat/9.0.64]
[INFO ] 2022-08-31 12:18:04.499 [main] [/] - Initializing Spring embedded WebApplicationContext
[INFO ] 2022-08-31 12:18:04.500 [main] ServletWebServerApplicationContext - Root WebApplicationContext: initialization completed in 1618 ms
[INFO ] 2022-08-31 12:18:04.693 [main] AutowiredAnnotationBeanPostProcessor - Autowired annotation is not supported on static fields: private static final org.apache.logging.log4j.Logger it.rjcsoft.springautopolizza.controller.AutoController.logger
[INFO ] 2022-08-31 12:18:04.996 [main] DefaultSecurityFilterChain - Will secure any request with [org.springframework.security.web.session.DisableEncodeUrlFilter@1d15c0a1, org.springframework.security.web.context.request.async.WebAsyncManagerIntegrationFilter@15639d09, org.springframework.security.web.context.SecurityContextPersistenceFilter@4d93f75b, org.springframework.security.web.header.HeaderWriterFilter@5d05f453, org.springframework.security.web.csrf.CsrfFilter@445821a6, org.springframework.security.web.authentication.logout.LogoutFilter@3a7c678b, org.springframework.security.web.authentication.UsernamePasswordAuthenticationFilter@1c30cb85, org.springframework.security.web.authentication.ui.DefaultLoginPageGeneratingFilter@2ed9f6f8, org.springframework.security.web.authentication.ui.DefaultLogoutPageGeneratingFilter@4fba8eec, org.springframework.security.web.savedrequest.RequestCacheAwareFilter@4f281aaf, org.springframework.security.web.servletapi.SecurityContextHolderAwareRequestFilter@7da635c0, org.springframework.security.web.authentication.AnonymousAuthenticationFilter@52bd9a27, org.springframework.security.web.session.SessionManagementFilter@160b4809, org.springframework.security.web.access.ExceptionTranslationFilter@65c5bf0e, org.springframework.security.web.access.intercept.FilterSecurityInterceptor@31acfd4e]
[INFO ] 2022-08-31 12:18:05.433 [main] HikariDataSource - HikariPool-1 - Starting...
[INFO ] 2022-08-31 12:18:05.610 [main] HikariDataSource - HikariPool-1 - Start completed.
[INFO ] 2022-08-31 12:18:05.918 [main] Http11NioProtocol - Starting ProtocolHandler ["http-nio-8080"]
[INFO ] 2022-08-31 12:18:05.947 [main] TomcatWebServer - Tomcat started on port(s): 8080 (http) with context path ''
[INFO ] 2022-08-31 12:18:05.959 [main] SpringAutoPolizzaApplication - Started SpringAutoPolizzaApplication in 3.571 seconds (JVM running for 4.708)
[INFO ] 2022-08-31 12:18:08.789 [http-nio-8080-exec-1] [/] - Initializing Spring DispatcherServlet 'dispatcherServlet'
[INFO ] 2022-08-31 12:19:43.095 [SpringApplicationShutdownHook] HikariDataSource - HikariPool-1 - Shutdown initiated...
[INFO ] 2022-08-31 12:19:43.099 [SpringApplicationShutdownHook] HikariDataSource - HikariPool-1 - Shutdown completed.
[INFO ] 2022-08-31 12:19:47.695 [background-preinit] Version - HV000001: Hibernate Validator 6.2.3.Final
[INFO ] 2022-08-31 12:19:47.751 [main] SpringAutoPolizzaApplication - Starting SpringAutoPolizzaApplication using Java 18.0.2.1 on Luca with PID 17024 (C:\Users\lucab\Desktop\Lavoro\Directory\SpringAutoPolizza\target\classes started by lucab in C:\Users\lucab\Desktop\Lavoro\Directory\SpringAutoPolizza)
[INFO ] 2022-08-31 12:19:47.757 [main] SpringAutoPolizzaApplication - No active profile set, falling back to 1 default profile: "default"
[INFO ] 2022-08-31 12:19:48.580 [main] RepositoryConfigurationDelegate - Bootstrapping Spring Data JDBC repositories in DEFAULT mode.
[INFO ] 2022-08-31 12:19:48.603 [main] RepositoryConfigurationDelegate - Finished Spring Data repository scanning in 17 ms. Found 0 JDBC repository interfaces.
[INFO ] 2022-08-31 12:19:49.352 [main] TomcatWebServer - Tomcat initialized with port(s): 8080 (http)
[INFO ] 2022-08-31 12:19:49.375 [main] Http11NioProtocol - Initializing ProtocolHandler ["http-nio-8080"]
[INFO ] 2022-08-31 12:19:49.375 [main] StandardService - Starting service [Tomcat]
[INFO ] 2022-08-31 12:19:49.377 [main] StandardEngine - Starting Servlet engine: [Apache Tomcat/9.0.64]
[INFO ] 2022-08-31 12:19:49.497 [main] [/] - Initializing Spring embedded WebApplicationContext
[INFO ] 2022-08-31 12:19:49.497 [main] ServletWebServerApplicationContext - Root WebApplicationContext: initialization completed in 1682 ms
[INFO ] 2022-08-31 12:19:49.690 [main] AutowiredAnnotationBeanPostProcessor - Autowired annotation is not supported on static fields: private static final org.apache.logging.log4j.Logger it.rjcsoft.springautopolizza.controller.AutoController.logger
[INFO ] 2022-08-31 12:19:49.941 [main] DefaultSecurityFilterChain - Will secure any request with [org.springframework.security.web.session.DisableEncodeUrlFilter@73ca34e7, org.springframework.security.web.context.request.async.WebAsyncManagerIntegrationFilter@4d98e41b, org.springframework.security.web.context.SecurityContextPersistenceFilter@24c685e7, org.springframework.security.web.header.HeaderWriterFilter@114a5e0, org.springframework.security.web.csrf.CsrfFilter@66e21568, org.springframework.security.web.authentication.logout.LogoutFilter@656a3d6b, org.springframework.security.web.authentication.UsernamePasswordAuthenticationFilter@4fba8eec, org.springframework.security.web.authentication.ui.DefaultLoginPageGeneratingFilter@420a8042, org.springframework.security.web.authentication.ui.DefaultLogoutPageGeneratingFilter@5ed5b321, org.springframework.security.web.savedrequest.RequestCacheAwareFilter@2ed9f6f8, org.springframework.security.web.servletapi.SecurityContextHolderAwareRequestFilter@5f61371d, org.springframework.security.web.authentication.AnonymousAuthenticationFilter@5696c927, org.springframework.security.web.session.SessionManagementFilter@5d508d22, org.springframework.security.web.access.ExceptionTranslationFilter@664e848c, org.springframework.security.web.access.intercept.FilterSecurityInterceptor@577bf0aa]
[INFO ] 2022-08-31 12:19:50.325 [main] HikariDataSource - HikariPool-1 - Starting...
[INFO ] 2022-08-31 12:19:50.442 [main] HikariDataSource - HikariPool-1 - Start completed.
[INFO ] 2022-08-31 12:19:50.669 [main] Http11NioProtocol - Starting ProtocolHandler ["http-nio-8080"]
[INFO ] 2022-08-31 12:19:50.700 [main] TomcatWebServer - Tomcat started on port(s): 8080 (http) with context path ''
[INFO ] 2022-08-31 12:19:50.726 [main] SpringAutoPolizzaApplication - Started SpringAutoPolizzaApplication in 3.412 seconds (JVM running for 4.345)
[INFO ] 2022-08-31 12:19:50.874 [http-nio-8080-exec-1] [/] - Initializing Spring DispatcherServlet 'dispatcherServlet'
[INFO ] 2022-08-31 12:19:59.621 [SpringApplicationShutdownHook] HikariDataSource - HikariPool-1 - Shutdown initiated...
[INFO ] 2022-08-31 12:19:59.625 [SpringApplicationShutdownHook] HikariDataSource - HikariPool-1 - Shutdown completed.
[INFO ] 2022-08-31 12:20:04.327 [background-preinit] Version - HV000001: Hibernate Validator 6.2.3.Final
[INFO ] 2022-08-31 12:20:04.387 [main] SpringAutoPolizzaApplication - Starting SpringAutoPolizzaApplication using Java 18.0.2.1 on Luca with PID 19432 (C:\Users\lucab\Desktop\Lavoro\Directory\SpringAutoPolizza\target\classes started by lucab in C:\Users\lucab\Desktop\Lavoro\Directory\SpringAutoPolizza)
[INFO ] 2022-08-31 12:20:04.393 [main] SpringAutoPolizzaApplication - No active profile set, falling back to 1 default profile: "default"
[INFO ] 2022-08-31 12:20:05.235 [main] RepositoryConfigurationDelegate - Bootstrapping Spring Data JDBC repositories in DEFAULT mode.
[INFO ] 2022-08-31 12:20:05.254 [main] RepositoryConfigurationDelegate - Finished Spring Data repository scanning in 14 ms. Found 0 JDBC repository interfaces.
[INFO ] 2022-08-31 12:20:05.955 [main] TomcatWebServer - Tomcat initialized with port(s): 8080 (http)
[INFO ] 2022-08-31 12:20:05.973 [main] Http11NioProtocol - Initializing ProtocolHandler ["http-nio-8080"]
[INFO ] 2022-08-31 12:20:05.973 [main] StandardService - Starting service [Tomcat]
[INFO ] 2022-08-31 12:20:05.973 [main] StandardEngine - Starting Servlet engine: [Apache Tomcat/9.0.64]
[INFO ] 2022-08-31 12:20:06.088 [main] [/] - Initializing Spring embedded WebApplicationContext
[INFO ] 2022-08-31 12:20:06.088 [main] ServletWebServerApplicationContext - Root WebApplicationContext: initialization completed in 1636 ms
[INFO ] 2022-08-31 12:20:06.309 [main] AutowiredAnnotationBeanPostProcessor - Autowired annotation is not supported on static fields: private static final org.apache.logging.log4j.Logger it.rjcsoft.springautopolizza.controller.AutoController.logger
[INFO ] 2022-08-31 12:20:06.545 [main] DefaultSecurityFilterChain - Will secure any request with [org.springframework.security.web.session.DisableEncodeUrlFilter@611e5819, org.springframework.security.web.context.request.async.WebAsyncManagerIntegrationFilter@681c0ae6, org.springframework.security.web.context.SecurityContextPersistenceFilter@f2b90fc, org.springframework.security.web.header.HeaderWriterFilter@664e848c, org.springframework.security.web.csrf.CsrfFilter@ee21292, org.springframework.security.web.authentication.logout.LogoutFilter@4f93bf0a, org.springframework.security.web.authentication.UsernamePasswordAuthenticationFilter@1d15c0a1, org.springframework.security.web.authentication.ui.DefaultLoginPageGeneratingFilter@182e7eda, org.springframework.security.web.authentication.ui.DefaultLogoutPageGeneratingFilter@73ca34e7, org.springframework.security.web.savedrequest.RequestCacheAwareFilter@24c685e7, org.springframework.security.web.servletapi.SecurityContextHolderAwareRequestFilter@79a13920, org.springframework.security.web.authentication.AnonymousAuthenticationFilter@4d98e41b, org.springframework.security.web.session.SessionManagementFilter@114a5e0, org.springframework.security.web.access.ExceptionTranslationFilter@160b4809, org.springframework.security.web.access.intercept.FilterSecurityInterceptor@50b46e24]
[INFO ] 2022-08-31 12:20:06.971 [main] HikariDataSource - HikariPool-1 - Starting...
[INFO ] 2022-08-31 12:20:07.119 [main] HikariDataSource - HikariPool-1 - Start completed.
[INFO ] 2022-08-31 12:20:07.387 [main] Http11NioProtocol - Starting ProtocolHandler ["http-nio-8080"]
[INFO ] 2022-08-31 12:20:07.417 [main] TomcatWebServer - Tomcat started on port(s): 8080 (http) with context path ''
[INFO ] 2022-08-31 12:20:07.431 [main] SpringAutoPolizzaApplication - Started SpringAutoPolizzaApplication in 3.477 seconds (JVM running for 4.49)
[INFO ] 2022-08-31 12:20:07.518 [http-nio-8080-exec-1] [/] - Initializing Spring DispatcherServlet 'dispatcherServlet'
[INFO ] 2022-08-31 12:20:57.968 [SpringApplicationShutdownHook] HikariDataSource - HikariPool-1 - Shutdown initiated...
[INFO ] 2022-08-31 12:20:57.971 [SpringApplicationShutdownHook] HikariDataSource - HikariPool-1 - Shutdown completed.
[INFO ] 2022-08-31 12:21:02.825 [background-preinit] Version - HV000001: Hibernate Validator 6.2.3.Final
[INFO ] 2022-08-31 12:21:02.891 [main] SpringAutoPolizzaApplication - Starting SpringAutoPolizzaApplication using Java 18.0.2.1 on Luca with PID 4292 (C:\Users\lucab\Desktop\Lavoro\Directory\SpringAutoPolizza\target\classes started by lucab in C:\Users\lucab\Desktop\Lavoro\Directory\SpringAutoPolizza)
[INFO ] 2022-08-31 12:21:02.898 [main] SpringAutoPolizzaApplication - No active profile set, falling back to 1 default profile: "default"
[INFO ] 2022-08-31 12:21:03.740 [main] RepositoryConfigurationDelegate - Bootstrapping Spring Data JDBC repositories in DEFAULT mode.
[INFO ] 2022-08-31 12:21:03.760 [main] RepositoryConfigurationDelegate - Finished Spring Data repository scanning in 14 ms. Found 0 JDBC repository interfaces.
[INFO ] 2022-08-31 12:21:04.496 [main] TomcatWebServer - Tomcat initialized with port(s): 8080 (http)
[INFO ] 2022-08-31 12:21:04.518 [main] Http11NioProtocol - Initializing ProtocolHandler ["http-nio-8080"]
[INFO ] 2022-08-31 12:21:04.518 [main] StandardService - Starting service [Tomcat]
[INFO ] 2022-08-31 12:21:04.518 [main] StandardEngine - Starting Servlet engine: [Apache Tomcat/9.0.64]
[INFO ] 2022-08-31 12:21:04.629 [main] [/] - Initializing Spring embedded WebApplicationContext
[INFO ] 2022-08-31 12:21:04.629 [main] ServletWebServerApplicationContext - Root WebApplicationContext: initialization completed in 1668 ms
[INFO ] 2022-08-31 12:21:04.852 [main] AutowiredAnnotationBeanPostProcessor - Autowired annotation is not supported on static fields: private static final org.apache.logging.log4j.Logger it.rjcsoft.springautopolizza.controller.AutoController.logger
[INFO ] 2022-08-31 12:21:05.103 [main] DefaultSecurityFilterChain - Will secure any request with [org.springframework.security.web.session.DisableEncodeUrlFilter@50b46e24, org.springframework.security.web.context.request.async.WebAsyncManagerIntegrationFilter@1c30cb85, org.springframework.security.web.context.SecurityContextPersistenceFilter@5d05f453, org.springframework.security.web.header.HeaderWriterFilter@3a1f2a1, org.springframework.security.web.csrf.CsrfFilter@5ba90d8a, org.springframework.security.web.authentication.logout.LogoutFilter@3dce6dd8, org.springframework.security.web.authentication.UsernamePasswordAuthenticationFilter@31acfd4e, org.springframework.security.web.authentication.ui.DefaultLoginPageGeneratingFilter@5d508d22, org.springframework.security.web.authentication.ui.DefaultLogoutPageGeneratingFilter@577bf0aa, org.springframework.security.web.savedrequest.RequestCacheAwareFilter@160b4809, org.springframework.security.web.servletapi.SecurityContextHolderAwareRequestFilter@4f281aaf, org.springframework.security.web.authentication.AnonymousAuthenticationFilter@7455dacb, org.springframework.security.web.session.SessionManagementFilter@52ca2652, org.springframework.security.web.access.ExceptionTranslationFilter@dd3f8aa, org.springframework.security.web.access.intercept.FilterSecurityInterceptor@51c65a43]
[INFO ] 2022-08-31 12:21:05.489 [main] HikariDataSource - HikariPool-1 - Starting...
[INFO ] 2022-08-31 12:21:05.623 [main] HikariDataSource - HikariPool-1 - Start completed.
[INFO ] 2022-08-31 12:21:05.875 [main] Http11NioProtocol - Starting ProtocolHandler ["http-nio-8080"]
[INFO ] 2022-08-31 12:21:05.912 [main] TomcatWebServer - Tomcat started on port(s): 8080 (http) with context path ''
[INFO ] 2022-08-31 12:21:05.924 [main] SpringAutoPolizzaApplication - Started SpringAutoPolizzaApplication in 3.481 seconds (JVM running for 4.503)
[INFO ] 2022-08-31 12:21:06.993 [http-nio-8080-exec-3] [/] - Initializing Spring DispatcherServlet 'dispatcherServlet'
[INFO ] 2022-08-31 12:22:36.929 [SpringApplicationShutdownHook] HikariDataSource - HikariPool-1 - Shutdown initiated...
[INFO ] 2022-08-31 12:22:36.933 [SpringApplicationShutdownHook] HikariDataSource - HikariPool-1 - Shutdown completed.
[INFO ] 2022-08-31 12:22:41.446 [background-preinit] Version - HV000001: Hibernate Validator 6.2.3.Final
[INFO ] 2022-08-31 12:22:41.496 [main] SpringAutoPolizzaApplication - Starting SpringAutoPolizzaApplication using Java 18.0.2.1 on Luca with PID 19408 (C:\Users\lucab\Desktop\Lavoro\Directory\SpringAutoPolizza\target\classes started by lucab in C:\Users\lucab\Desktop\Lavoro\Directory\SpringAutoPolizza)
[INFO ] 2022-08-31 12:22:41.502 [main] SpringAutoPolizzaApplication - No active profile set, falling back to 1 default profile: "default"
[INFO ] 2022-08-31 12:22:42.283 [main] RepositoryConfigurationDelegate - Bootstrapping Spring Data JDBC repositories in DEFAULT mode.
[INFO ] 2022-08-31 12:22:42.303 [main] RepositoryConfigurationDelegate - Finished Spring Data repository scanning in 13 ms. Found 0 JDBC repository interfaces.
[INFO ] 2022-08-31 12:22:43.015 [main] TomcatWebServer - Tomcat initialized with port(s): 8080 (http)
[INFO ] 2022-08-31 12:22:43.037 [main] Http11NioProtocol - Initializing ProtocolHandler ["http-nio-8080"]
[INFO ] 2022-08-31 12:22:43.037 [main] StandardService - Starting service [Tomcat]
[INFO ] 2022-08-31 12:22:43.038 [main] StandardEngine - Starting Servlet engine: [Apache Tomcat/9.0.64]
[INFO ] 2022-08-31 12:22:43.151 [main] [/] - Initializing Spring embedded WebApplicationContext
[INFO ] 2022-08-31 12:22:43.151 [main] ServletWebServerApplicationContext - Root WebApplicationContext: initialization completed in 1594 ms
[INFO ] 2022-08-31 12:22:43.365 [main] AutowiredAnnotationBeanPostProcessor - Autowired annotation is not supported on static fields: private static final org.apache.logging.log4j.Logger it.rjcsoft.springautopolizza.controller.AutoController.logger
[INFO ] 2022-08-31 12:22:43.663 [main] DefaultSecurityFilterChain - Will secure any request with [org.springframework.security.web.session.DisableEncodeUrlFilter@73ca34e7, org.springframework.security.web.context.request.async.WebAsyncManagerIntegrationFilter@4d98e41b, org.springframework.security.web.context.SecurityContextPersistenceFilter@24c685e7, org.springframework.security.web.header.HeaderWriterFilter@114a5e0, org.springframework.security.web.csrf.CsrfFilter@66e21568, org.springframework.security.web.authentication.logout.LogoutFilter@656a3d6b, org.springframework.security.web.authentication.UsernamePasswordAuthenticationFilter@4fba8eec, org.springframework.security.web.authentication.ui.DefaultLoginPageGeneratingFilter@420a8042, org.springframework.security.web.authentication.ui.DefaultLogoutPageGeneratingFilter@5ed5b321, org.springframework.security.web.savedrequest.RequestCacheAwareFilter@2ed9f6f8, org.springframework.security.web.servletapi.SecurityContextHolderAwareRequestFilter@5f61371d, org.springframework.security.web.authentication.AnonymousAuthenticationFilter@5696c927, org.springframework.security.web.session.SessionManagementFilter@5d508d22, org.springframework.security.web.access.ExceptionTranslationFilter@664e848c, org.springframework.security.web.access.intercept.FilterSecurityInterceptor@577bf0aa]
[INFO ] 2022-08-31 12:22:44.068 [main] HikariDataSource - HikariPool-1 - Starting...
[INFO ] 2022-08-31 12:22:44.173 [main] HikariDataSource - HikariPool-1 - Start completed.
[INFO ] 2022-08-31 12:22:44.396 [main] Http11NioProtocol - Starting ProtocolHandler ["http-nio-8080"]
[INFO ] 2022-08-31 12:22:44.435 [main] TomcatWebServer - Tomcat started on port(s): 8080 (http) with context path ''
[INFO ] 2022-08-31 12:22:44.449 [main] SpringAutoPolizzaApplication - Started SpringAutoPolizzaApplication in 3.355 seconds (JVM running for 4.301)
[INFO ] 2022-08-31 12:22:44.933 [http-nio-8080-exec-2] [/] - Initializing Spring DispatcherServlet 'dispatcherServlet'
[INFO ] 2022-08-31 12:23:36.399 [SpringApplicationShutdownHook] HikariDataSource - HikariPool-1 - Shutdown initiated...
[INFO ] 2022-08-31 12:23:36.403 [SpringApplicationShutdownHook] HikariDataSource - HikariPool-1 - Shutdown completed.
[INFO ] 2022-08-31 12:23:41.191 [background-preinit] Version - HV000001: Hibernate Validator 6.2.3.Final
[INFO ] 2022-08-31 12:23:41.247 [main] SpringAutoPolizzaApplication - Starting SpringAutoPolizzaApplication using Java 18.0.2.1 on Luca with PID 18816 (C:\Users\lucab\Desktop\Lavoro\Directory\SpringAutoPolizza\target\classes started by lucab in C:\Users\lucab\Desktop\Lavoro\Directory\SpringAutoPolizza)
[INFO ] 2022-08-31 12:23:41.253 [main] SpringAutoPolizzaApplication - No active profile set, falling back to 1 default profile: "default"
[INFO ] 2022-08-31 12:23:42.180 [main] RepositoryConfigurationDelegate - Bootstrapping Spring Data JDBC repositories in DEFAULT mode.
[INFO ] 2022-08-31 12:23:42.202 [main] RepositoryConfigurationDelegate - Finished Spring Data repository scanning in 16 ms. Found 0 JDBC repository interfaces.
[INFO ] 2022-08-31 12:23:42.944 [main] TomcatWebServer - Tomcat initialized with port(s): 8080 (http)
[INFO ] 2022-08-31 12:23:42.965 [main] Http11NioProtocol - Initializing ProtocolHandler ["http-nio-8080"]
[INFO ] 2022-08-31 12:23:42.965 [main] StandardService - Starting service [Tomcat]
[INFO ] 2022-08-31 12:23:42.965 [main] StandardEngine - Starting Servlet engine: [Apache Tomcat/9.0.64]
[INFO ] 2022-08-31 12:23:43.088 [main] [/] - Initializing Spring embedded WebApplicationContext
[INFO ] 2022-08-31 12:23:43.089 [main] ServletWebServerApplicationContext - Root WebApplicationContext: initialization completed in 1771 ms
[INFO ] 2022-08-31 12:23:43.277 [main] AutowiredAnnotationBeanPostProcessor - Autowired annotation is not supported on static fields: private static final org.apache.logging.log4j.Logger it.rjcsoft.springautopolizza.controller.AutoController.logger
[INFO ] 2022-08-31 12:23:43.558 [main] DefaultSecurityFilterChain - Will secure any request with [org.springframework.security.web.session.DisableEncodeUrlFilter@52bd9a27, org.springframework.security.web.context.request.async.WebAsyncManagerIntegrationFilter@611e5819, org.springframework.security.web.context.SecurityContextPersistenceFilter@5d508d22, org.springframework.security.web.header.HeaderWriterFilter@149b4d20, org.springframework.security.web.csrf.CsrfFilter@bb25753, org.springframework.security.web.authentication.logout.LogoutFilter@168ad26f, org.springframework.security.web.authentication.UsernamePasswordAuthenticationFilter@7634f2b, org.springframework.security.web.authentication.ui.DefaultLoginPageGeneratingFilter@79a13920, org.springframework.security.web.authentication.ui.DefaultLogoutPageGeneratingFilter@681c0ae6, org.springframework.security.web.savedrequest.RequestCacheAwareFilter@2bb41f5c, org.springframework.security.web.servletapi.SecurityContextHolderAwareRequestFilter@35650279, org.springframework.security.web.authentication.AnonymousAuthenticationFilter@73ca34e7, org.springframework.security.web.session.SessionManagementFilter@4d93f75b, org.springframework.security.web.access.ExceptionTranslationFilter@5efeb117, org.springframework.security.web.access.intercept.FilterSecurityInterceptor@624b523]
[INFO ] 2022-08-31 12:23:43.954 [main] HikariDataSource - HikariPool-1 - Starting...
[INFO ] 2022-08-31 12:23:44.087 [main] HikariDataSource - HikariPool-1 - Start completed.
[INFO ] 2022-08-31 12:23:44.389 [main] Http11NioProtocol - Starting ProtocolHandler ["http-nio-8080"]
[INFO ] 2022-08-31 12:23:44.418 [main] TomcatWebServer - Tomcat started on port(s): 8080 (http) with context path ''
[INFO ] 2022-08-31 12:23:44.431 [main] SpringAutoPolizzaApplication - Started SpringAutoPolizzaApplication in 3.606 seconds (JVM running for 4.6)
[INFO ] 2022-08-31 12:23:44.674 [http-nio-8080-exec-1] [/] - Initializing Spring DispatcherServlet 'dispatcherServlet'
[INFO ] 2022-08-31 12:26:03.497 [SpringApplicationShutdownHook] HikariDataSource - HikariPool-1 - Shutdown initiated...
[INFO ] 2022-08-31 12:26:03.500 [SpringApplicationShutdownHook] HikariDataSource - HikariPool-1 - Shutdown completed.
